0 of 604462909807314587353088 calculated
0 of 604462909807314587353088 calculated
1 of 604462909807314587353088 calculated
2 of 604462909807314587353088 calculated
3 of 604462909807314587353088 calculated
4 of 604462909807314587353088 calculated
5 of 604462909807314587353088 calculated
6 of 604462909807314587353088 calculated
7 of 604462909807314587353088 calculated
8 of 604462909807314587353088 calculated
9 of 604462909807314587353088 calculated
10 of 604462909807314587353088 calculated
11 of 604462909807314587353088 calculated
12 of 604462909807314587353088 calculated
13 of 604462909807314587353088 calculated
14 of 604462909807314587353088 calculated
15 of 604462909807314587353088 calculated
16 of 604462909807314587353088 calculated
17 of 604462909807314587353088 calculated
18 of 604462909807314587353088 calculated
19 of 604462909807314587353088 calculated
20 of 604462909807314587353088 calculated
21 of 604462909807314587353088 calculated
22 of 604462909807314587353088 calculated
23 of 604462909807314587353088 calculated
24 of 604462909807314587353088 calculated
