no threshold 
 [[ 0.  1.  1. ...,  0.  1.  1.]
 [ 1.  0.  0. ...,  0.  1.  0.]
 [ 1.  0.  0. ...,  0.  1.  0.]
 ..., 
 [ 0.  0.  0. ...,  0.  0.  0.]
 [ 0.  0.  0. ...,  0.  0.  0.]
 [ 0.  0.  0. ...,  0.  0.  0.]]
for threshold= 2 
 [[ 0.  0.  1. ...,  0.  0.  0.]
 [ 0.  0.  0. ...,  0.  0.  0.]
 [ 1.  0.  0. ...,  0.  0.  0.]
 ..., 
 [ 0.  0.  0. ...,  0.  0.  0.]
 [ 0.  0.  0. ...,  0.  0.  0.]
 [ 0.  0.  0. ...,  0.  0.  0.]]
diff= 
 [[ 0. -1.  0. ...,  0. -1. -1.]
 [-1.  0.  0. ...,  0. -1.  0.]
 [ 0.  0.  0. ...,  0. -1.  0.]
 ..., 
 [ 0.  0.  0. ...,  0.  0.  0.]
 [ 0.  0.  0. ...,  0.  0.  0.]
 [ 0.  0.  0. ...,  0.  0.  0.]]
number of diff= 2058
for threshold= 3 
 [[ 0.  1.  1. ...,  0.  1.  0.]
 [ 1.  0.  0. ...,  0.  0.  0.]
 [ 1.  0.  0. ...,  0.  0.  0.]
 ..., 
 [ 0.  0.  0. ...,  0.  0.  0.]
 [ 0.  0.  0. ...,  0.  0.  0.]
 [ 0.  0.  0. ...,  0.  0.  0.]]
diff= 
 [[ 0.  0.  0. ...,  0.  0. -1.]
 [ 0.  0.  0. ...,  0. -1.  0.]
 [ 0.  0.  0. ...,  0. -1.  0.]
 ..., 
 [ 0.  0.  0. ...,  0.  0.  0.]
 [ 0.  0.  0. ...,  0.  0.  0.]
 [ 0.  0.  0. ...,  0.  0.  0.]]
number of diff= 1856
for threshold= 4 
 [[ 0.  1.  1. ...,  0.  1.  1.]
 [ 1.  0.  0. ...,  0.  1.  0.]
 [ 1.  0.  0. ...,  0.  0.  0.]
 ..., 
 [ 0.  0.  0. ...,  0.  0.  0.]
 [ 0.  0.  0. ...,  0.  0.  0.]
 [ 0.  0.  0. ...,  0.  0.  0.]]
diff= 
 [[ 0.  0.  0. ...,  0.  0.  0.]
 [ 0.  0.  0. ...,  0.  0.  0.]
 [ 0.  0.  0. ...,  0. -1.  0.]
 ..., 
 [ 0.  0.  0. ...,  0.  0.  0.]
 [ 0.  0.  0. ...,  0.  0.  0.]
 [ 0.  0.  0. ...,  0.  0.  0.]]
number of diff= 1673
for threshold= 5 
 [[ 0.  1.  1. ...,  0.  1.  1.]
 [ 1.  0.  0. ...,  0.  1.  0.]
 [ 1.  0.  0. ...,  0.  0.  0.]
 ..., 
 [ 0.  0.  0. ...,  0.  0.  0.]
 [ 0.  0.  0. ...,  0.  0.  0.]
 [ 0.  0.  0. ...,  0.  0.  0.]]
diff= 
 [[ 0.  0.  0. ...,  0.  0.  0.]
 [ 0.  0.  0. ...,  0.  0.  0.]
 [ 0.  0.  0. ...,  0. -1.  0.]
 ..., 
 [ 0.  0.  0. ...,  0.  0.  0.]
 [ 0.  0.  0. ...,  0.  0.  0.]
 [ 0.  0.  0. ...,  0.  0.  0.]]
number of diff= 1486
for threshold= 6 
 [[ 0.  1.  1. ...,  0.  1.  1.]
 [ 1.  0.  0. ...,  0.  1.  0.]
 [ 1.  0.  0. ...,  0.  0.  0.]
 ..., 
 [ 0.  0.  0. ...,  0.  0.  0.]
 [ 0.  0.  0. ...,  0.  0.  0.]
 [ 0.  0.  0. ...,  0.  0.  0.]]
diff= 
 [[ 0.  0.  0. ...,  0.  0.  0.]
 [ 0.  0.  0. ...,  0.  0.  0.]
 [ 0.  0.  0. ...,  0. -1.  0.]
 ..., 
 [ 0.  0.  0. ...,  0.  0.  0.]
 [ 0.  0.  0. ...,  0.  0.  0.]
 [ 0.  0.  0. ...,  0.  0.  0.]]
number of diff= 1326
for threshold= 7 
 [[ 0.  1.  1. ...,  0.  1.  1.]
 [ 1.  0.  0. ...,  0.  1.  0.]
 [ 1.  0.  0. ...,  0.  0.  0.]
 ..., 
 [ 0.  0.  0. ...,  0.  0.  0.]
 [ 0.  0.  0. ...,  0.  0.  0.]
 [ 0.  0.  0. ...,  0.  0.  0.]]
diff= 
 [[ 0.  0.  0. ...,  0.  0.  0.]
 [ 0.  0.  0. ...,  0.  0.  0.]
 [ 0.  0.  0. ...,  0. -1.  0.]
 ..., 
 [ 0.  0.  0. ...,  0.  0.  0.]
 [ 0.  0.  0. ...,  0.  0.  0.]
 [ 0.  0.  0. ...,  0.  0.  0.]]
number of diff= 1215
for threshold= 8 
 [[ 0.  1.  1. ...,  0.  1.  1.]
 [ 1.  0.  0. ...,  0.  1.  0.]
 [ 1.  0.  0. ...,  0.  0.  0.]
 ..., 
 [ 0.  0.  0. ...,  0.  0.  0.]
 [ 0.  0.  0. ...,  0.  0.  0.]
 [ 0.  0.  0. ...,  0.  0.  0.]]
diff= 
 [[ 0.  0.  0. ...,  0.  0.  0.]
 [ 0.  0.  0. ...,  0.  0.  0.]
 [ 0.  0.  0. ...,  0. -1.  0.]
 ..., 
 [ 0.  0.  0. ...,  0.  0.  0.]
 [ 0.  0.  0. ...,  0.  0.  0.]
 [ 0.  0.  0. ...,  0.  0.  0.]]
number of diff= 1063
for threshold= 9 
 [[ 0.  1.  1. ...,  0.  1.  1.]
 [ 1.  0.  0. ...,  0.  1.  0.]
 [ 1.  0.  0. ...,  0.  0.  0.]
 ..., 
 [ 0.  0.  0. ...,  0.  0.  0.]
 [ 0.  0.  0. ...,  0.  0.  0.]
 [ 0.  0.  0. ...,  0.  0.  0.]]
diff= 
 [[ 0.  0.  0. ...,  0.  0.  0.]
 [ 0.  0.  0. ...,  0.  0.  0.]
 [ 0.  0.  0. ...,  0. -1.  0.]
 ..., 
 [ 0.  0.  0. ...,  0.  0.  0.]
 [ 0.  0.  0. ...,  0.  0.  0.]
 [ 0.  0.  0. ...,  0.  0.  0.]]
number of diff= 975
for threshold= 10 
 [[ 0.  1.  1. ...,  0.  1.  1.]
 [ 1.  0.  0. ...,  0.  1.  0.]
 [ 1.  0.  0. ...,  0.  0.  0.]
 ..., 
 [ 0.  0.  0. ...,  0.  0.  0.]
 [ 0.  0.  0. ...,  0.  0.  0.]
 [ 0.  0.  0. ...,  0.  0.  0.]]
diff= 
 [[ 0.  0.  0. ...,  0.  0.  0.]
 [ 0.  0.  0. ...,  0.  0.  0.]
 [ 0.  0.  0. ...,  0. -1.  0.]
 ..., 
 [ 0.  0.  0. ...,  0.  0.  0.]
 [ 0.  0.  0. ...,  0.  0.  0.]
 [ 0.  0.  0. ...,  0.  0.  0.]]
number of diff= 849
for threshold= 11 
 [[ 0.  1.  1. ...,  0.  1.  1.]
 [ 1.  0.  0. ...,  0.  1.  0.]
 [ 1.  0.  0. ...,  0.  0.  0.]
 ..., 
 [ 0.  0.  0. ...,  0.  0.  0.]
 [ 0.  0.  0. ...,  0.  0.  0.]
 [ 0.  0.  0. ...,  0.  0.  0.]]
diff= 
 [[ 0.  0.  0. ...,  0.  0.  0.]
 [ 0.  0.  0. ...,  0.  0.  0.]
 [ 0.  0.  0. ...,  0. -1.  0.]
 ..., 
 [ 0.  0.  0. ...,  0.  0.  0.]
 [ 0.  0.  0. ...,  0.  0.  0.]
 [ 0.  0.  0. ...,  0.  0.  0.]]
number of diff= 795
for threshold= 12 
 [[ 0.  1.  1. ...,  0.  1.  1.]
 [ 1.  0.  0. ...,  0.  1.  0.]
 [ 1.  0.  0. ...,  0.  0.  0.]
 ..., 
 [ 0.  0.  0. ...,  0.  0.  0.]
 [ 0.  0.  0. ...,  0.  0.  0.]
 [ 0.  0.  0. ...,  0.  0.  0.]]
diff= 
 [[ 0.  0.  0. ...,  0.  0.  0.]
 [ 0.  0.  0. ...,  0.  0.  0.]
 [ 0.  0.  0. ...,  0. -1.  0.]
 ..., 
 [ 0.  0.  0. ...,  0.  0.  0.]
 [ 0.  0.  0. ...,  0.  0.  0.]
 [ 0.  0.  0. ...,  0.  0.  0.]]
number of diff= 760
for threshold= 13 
 [[ 0.  1.  1. ...,  0.  1.  1.]
 [ 1.  0.  0. ...,  0.  1.  0.]
 [ 1.  0.  0. ...,  0.  0.  0.]
 ..., 
 [ 0.  0.  0. ...,  0.  0.  0.]
 [ 0.  0.  0. ...,  0.  0.  0.]
 [ 0.  0.  0. ...,  0.  0.  0.]]
diff= 
 [[ 0.  0.  0. ...,  0.  0.  0.]
 [ 0.  0.  0. ...,  0.  0.  0.]
 [ 0.  0.  0. ...,  0. -1.  0.]
 ..., 
 [ 0.  0.  0. ...,  0.  0.  0.]
 [ 0.  0.  0. ...,  0.  0.  0.]
 [ 0.  0.  0. ...,  0.  0.  0.]]
number of diff= 760
for threshold= 14 
 [[ 0.  1.  1. ...,  0.  1.  1.]
 [ 1.  0.  0. ...,  0.  1.  0.]
 [ 1.  0.  0. ...,  0.  1.  0.]
 ..., 
 [ 0.  0.  0. ...,  0.  0.  0.]
 [ 0.  0.  0. ...,  0.  0.  0.]
 [ 0.  0.  0. ...,  0.  0.  0.]]
diff= 
 [[ 0.  0.  0. ...,  0.  0.  0.]
 [ 0.  0.  0. ...,  0.  0.  0.]
 [ 0.  0.  0. ...,  0.  0.  0.]
 ..., 
 [ 0.  0.  0. ...,  0.  0.  0.]
 [ 0.  0.  0. ...,  0.  0.  0.]
 [ 0.  0.  0. ...,  0.  0.  0.]]
number of diff= 674
for threshold= 15 
 [[ 0.  1.  1. ...,  0.  1.  1.]
 [ 1.  0.  0. ...,  0.  1.  0.]
 [ 1.  0.  0. ...,  0.  1.  0.]
 ..., 
 [ 0.  0.  0. ...,  0.  0.  0.]
 [ 0.  0.  0. ...,  0.  0.  0.]
 [ 0.  0.  0. ...,  0.  0.  0.]]
diff= 
 [[ 0.  0.  0. ...,  0.  0.  0.]
 [ 0.  0.  0. ...,  0.  0.  0.]
 [ 0.  0.  0. ...,  0.  0.  0.]
 ..., 
 [ 0.  0.  0. ...,  0.  0.  0.]
 [ 0.  0.  0. ...,  0.  0.  0.]
 [ 0.  0.  0. ...,  0.  0.  0.]]
number of diff= 528
for threshold= 16 
 [[ 0.  1.  1. ...,  0.  1.  1.]
 [ 1.  0.  0. ...,  0.  1.  0.]
 [ 1.  0.  0. ...,  0.  1.  0.]
 ..., 
 [ 0.  0.  0. ...,  0.  0.  0.]
 [ 0.  0.  0. ...,  0.  0.  0.]
 [ 0.  0.  0. ...,  0.  0.  0.]]
diff= 
 [[ 0.  0.  0. ...,  0.  0.  0.]
 [ 0.  0.  0. ...,  0.  0.  0.]
 [ 0.  0.  0. ...,  0.  0.  0.]
 ..., 
 [ 0.  0.  0. ...,  0.  0.  0.]
 [ 0.  0.  0. ...,  0.  0.  0.]
 [ 0.  0.  0. ...,  0.  0.  0.]]
number of diff= 415
for threshold= 17 
 [[ 0.  1.  1. ...,  0.  1.  1.]
 [ 1.  0.  0. ...,  0.  1.  0.]
 [ 1.  0.  0. ...,  0.  1.  0.]
 ..., 
 [ 0.  0.  0. ...,  0.  0.  0.]
 [ 0.  0.  0. ...,  0.  0.  0.]
 [ 0.  0.  0. ...,  0.  0.  0.]]
diff= 
 [[ 0.  0.  0. ...,  0.  0.  0.]
 [ 0.  0.  0. ...,  0.  0.  0.]
 [ 0.  0.  0. ...,  0.  0.  0.]
 ..., 
 [ 0.  0.  0. ...,  0.  0.  0.]
 [ 0.  0.  0. ...,  0.  0.  0.]
 [ 0.  0.  0. ...,  0.  0.  0.]]
number of diff= 353
for threshold= 18 
 [[ 0.  1.  1. ...,  0.  1.  1.]
 [ 1.  0.  0. ...,  0.  1.  0.]
 [ 1.  0.  0. ...,  0.  1.  0.]
 ..., 
 [ 0.  0.  0. ...,  0.  0.  0.]
 [ 0.  0.  0. ...,  0.  0.  0.]
 [ 0.  0.  0. ...,  0.  0.  0.]]
diff= 
 [[ 0.  0.  0. ...,  0.  0.  0.]
 [ 0.  0.  0. ...,  0.  0.  0.]
 [ 0.  0.  0. ...,  0.  0.  0.]
 ..., 
 [ 0.  0.  0. ...,  0.  0.  0.]
 [ 0.  0.  0. ...,  0.  0.  0.]
 [ 0.  0.  0. ...,  0.  0.  0.]]
number of diff= 315
for threshold= 19 
 [[ 0.  1.  1. ...,  0.  1.  1.]
 [ 1.  0.  0. ...,  0.  1.  0.]
 [ 1.  0.  0. ...,  0.  1.  0.]
 ..., 
 [ 0.  0.  0. ...,  0.  0.  0.]
 [ 0.  0.  0. ...,  0.  0.  0.]
 [ 0.  0.  0. ...,  0.  0.  0.]]
diff= 
 [[ 0.  0.  0. ...,  0.  0.  0.]
 [ 0.  0.  0. ...,  0.  0.  0.]
 [ 0.  0.  0. ...,  0.  0.  0.]
 ..., 
 [ 0.  0.  0. ...,  0.  0.  0.]
 [ 0.  0.  0. ...,  0.  0.  0.]
 [ 0.  0.  0. ...,  0.  0.  0.]]
number of diff= 274
for threshold= 20 
 [[ 0.  1.  1. ...,  0.  1.  1.]
 [ 1.  0.  0. ...,  0.  1.  0.]
 [ 1.  0.  0. ...,  0.  1.  0.]
 ..., 
 [ 0.  0.  0. ...,  0.  0.  0.]
 [ 0.  0.  0. ...,  0.  0.  0.]
 [ 0.  0.  0. ...,  0.  0.  0.]]
diff= 
 [[ 0.  0.  0. ...,  0.  0.  0.]
 [ 0.  0.  0. ...,  0.  0.  0.]
 [ 0.  0.  0. ...,  0.  0.  0.]
 ..., 
 [ 0.  0.  0. ...,  0.  0.  0.]
 [ 0.  0.  0. ...,  0.  0.  0.]
 [ 0.  0.  0. ...,  0.  0.  0.]]
number of diff= 274
for threshold= 21 
 [[ 0.  1.  1. ...,  0.  1.  1.]
 [ 1.  0.  0. ...,  0.  1.  0.]
 [ 1.  0.  0. ...,  0.  1.  0.]
 ..., 
 [ 0.  0.  0. ...,  0.  0.  0.]
 [ 0.  0.  0. ...,  0.  0.  0.]
 [ 0.  0.  0. ...,  0.  0.  0.]]
diff= 
 [[ 0.  0.  0. ...,  0.  0.  0.]
 [ 0.  0.  0. ...,  0.  0.  0.]
 [ 0.  0.  0. ...,  0.  0.  0.]
 ..., 
 [ 0.  0.  0. ...,  0.  0.  0.]
 [ 0.  0.  0. ...,  0.  0.  0.]
 [ 0.  0.  0. ...,  0.  0.  0.]]
number of diff= 274
for threshold= 22 
 [[ 0.  1.  1. ...,  0.  1.  1.]
 [ 1.  0.  0. ...,  0.  1.  0.]
 [ 1.  0.  0. ...,  0.  1.  0.]
 ..., 
 [ 0.  0.  0. ...,  0.  0.  0.]
 [ 0.  0.  0. ...,  0.  0.  0.]
 [ 0.  0.  0. ...,  0.  0.  0.]]
diff= 
 [[ 0.  0.  0. ...,  0.  0.  0.]
 [ 0.  0.  0. ...,  0.  0.  0.]
 [ 0.  0.  0. ...,  0.  0.  0.]
 ..., 
 [ 0.  0.  0. ...,  0.  0.  0.]
 [ 0.  0.  0. ...,  0.  0.  0.]
 [ 0.  0.  0. ...,  0.  0.  0.]]
number of diff= 274
for threshold= 23 
 [[ 0.  1.  1. ...,  0.  1.  1.]
 [ 1.  0.  0. ...,  0.  1.  0.]
 [ 1.  0.  0. ...,  0.  1.  0.]
 ..., 
 [ 0.  0.  0. ...,  0.  0.  0.]
 [ 0.  0.  0. ...,  0.  0.  0.]
 [ 0.  0.  0. ...,  0.  0.  0.]]
diff= 
 [[ 0.  0.  0. ...,  0.  0.  0.]
 [ 0.  0.  0. ...,  0.  0.  0.]
 [ 0.  0.  0. ...,  0.  0.  0.]
 ..., 
 [ 0.  0.  0. ...,  0.  0.  0.]
 [ 0.  0.  0. ...,  0.  0.  0.]
 [ 0.  0.  0. ...,  0.  0.  0.]]
number of diff= 274
for threshold= 24 
 [[ 0.  1.  1. ...,  0.  1.  1.]
 [ 1.  0.  0. ...,  0.  1.  0.]
 [ 1.  0.  0. ...,  0.  1.  0.]
 ..., 
 [ 0.  0.  0. ...,  0.  0.  0.]
 [ 0.  0.  0. ...,  0.  0.  0.]
 [ 0.  0.  0. ...,  0.  0.  0.]]
diff= 
 [[ 0.  0.  0. ...,  0.  0.  0.]
 [ 0.  0.  0. ...,  0.  0.  0.]
 [ 0.  0.  0. ...,  0.  0.  0.]
 ..., 
 [ 0.  0.  0. ...,  0.  0.  0.]
 [ 0.  0.  0. ...,  0.  0.  0.]
 [ 0.  0.  0. ...,  0.  0.  0.]]
number of diff= 274
for threshold= 25 
 [[ 0.  1.  1. ...,  0.  1.  1.]
 [ 1.  0.  0. ...,  0.  1.  0.]
 [ 1.  0.  0. ...,  0.  1.  0.]
 ..., 
 [ 0.  0.  0. ...,  0.  0.  0.]
 [ 0.  0.  0. ...,  0.  0.  0.]
 [ 0.  0.  0. ...,  0.  0.  0.]]
diff= 
 [[ 0.  0.  0. ...,  0.  0.  0.]
 [ 0.  0.  0. ...,  0.  0.  0.]
 [ 0.  0.  0. ...,  0.  0.  0.]
 ..., 
 [ 0.  0.  0. ...,  0.  0.  0.]
 [ 0.  0.  0. ...,  0.  0.  0.]
 [ 0.  0.  0. ...,  0.  0.  0.]]
number of diff= 274
for threshold= 26 
 [[ 0.  1.  1. ...,  0.  1.  1.]
 [ 1.  0.  0. ...,  0.  1.  0.]
 [ 1.  0.  0. ...,  0.  1.  0.]
 ..., 
 [ 0.  0.  0. ...,  0.  0.  0.]
 [ 0.  0.  0. ...,  0.  0.  0.]
 [ 0.  0.  0. ...,  0.  0.  0.]]
diff= 
 [[ 0.  0.  0. ...,  0.  0.  0.]
 [ 0.  0.  0. ...,  0.  0.  0.]
 [ 0.  0.  0. ...,  0.  0.  0.]
 ..., 
 [ 0.  0.  0. ...,  0.  0.  0.]
 [ 0.  0.  0. ...,  0.  0.  0.]
 [ 0.  0.  0. ...,  0.  0.  0.]]
number of diff= 162
for threshold= 27 
 [[ 0.  1.  1. ...,  0.  1.  1.]
 [ 1.  0.  0. ...,  0.  1.  0.]
 [ 1.  0.  0. ...,  0.  1.  0.]
 ..., 
 [ 0.  0.  0. ...,  0.  0.  0.]
 [ 0.  0.  0. ...,  0.  0.  0.]
 [ 0.  0.  0. ...,  0.  0.  0.]]
diff= 
 [[ 0.  0.  0. ...,  0.  0.  0.]
 [ 0.  0.  0. ...,  0.  0.  0.]
 [ 0.  0.  0. ...,  0.  0.  0.]
 ..., 
 [ 0.  0.  0. ...,  0.  0.  0.]
 [ 0.  0.  0. ...,  0.  0.  0.]
 [ 0.  0.  0. ...,  0.  0.  0.]]
number of diff= 162
for threshold= 28 
 [[ 0.  1.  1. ...,  0.  1.  1.]
 [ 1.  0.  0. ...,  0.  1.  0.]
 [ 1.  0.  0. ...,  0.  1.  0.]
 ..., 
 [ 0.  0.  0. ...,  0.  0.  0.]
 [ 0.  0.  0. ...,  0.  0.  0.]
 [ 0.  0.  0. ...,  0.  0.  0.]]
diff= 
 [[ 0.  0.  0. ...,  0.  0.  0.]
 [ 0.  0.  0. ...,  0.  0.  0.]
 [ 0.  0.  0. ...,  0.  0.  0.]
 ..., 
 [ 0.  0.  0. ...,  0.  0.  0.]
 [ 0.  0.  0. ...,  0.  0.  0.]
 [ 0.  0.  0. ...,  0.  0.  0.]]
number of diff= 0
no threshold 
 [[ 0.  0.  1. ...,  1.  1.  1.]
 [ 0.  0.  1. ...,  1.  0.  0.]
 [ 0.  0.  0. ...,  1.  1.  1.]
 ..., 
 [ 0.  0.  0. ...,  0.  0.  0.]
 [ 1.  0.  0. ...,  0.  0.  1.]
 [ 0.  0.  0. ...,  0.  0.  0.]]
for threshold= 2 
 [[ 0.  0.  0. ...,  0.  1.  0.]
 [ 0.  0.  0. ...,  0.  0.  0.]
 [ 0.  0.  0. ...,  0.  0.  0.]
 ..., 
 [ 0.  0.  0. ...,  0.  0.  0.]
 [ 0.  0.  0. ...,  0.  0.  0.]
 [ 0.  0.  0. ...,  0.  0.  0.]]
diff= 
 [[ 0.  0. -1. ..., -1.  0. -1.]
 [ 0.  0. -1. ..., -1.  0.  0.]
 [ 0.  0.  0. ..., -1. -1. -1.]
 ..., 
 [ 0.  0.  0. ...,  0.  0.  0.]
 [-1.  0.  0. ...,  0.  0. -1.]
 [ 0.  0.  0. ...,  0.  0.  0.]]
number of diff= 2087
for threshold= 3 
 [[ 0.  0.  0. ...,  0.  1.  0.]
 [ 0.  0.  0. ...,  0.  0.  0.]
 [ 0.  0.  0. ...,  0.  0.  0.]
 ..., 
 [ 0.  0.  0. ...,  0.  0.  0.]
 [ 0.  0.  0. ...,  0.  0.  0.]
 [ 0.  0.  0. ...,  0.  0.  0.]]
diff= 
 [[ 0.  0. -1. ..., -1.  0. -1.]
 [ 0.  0. -1. ..., -1.  0.  0.]
 [ 0.  0.  0. ..., -1. -1. -1.]
 ..., 
 [ 0.  0.  0. ...,  0.  0.  0.]
 [-1.  0.  0. ...,  0.  0. -1.]
 [ 0.  0.  0. ...,  0.  0.  0.]]
number of diff= 1890
for threshold= 4 
 [[ 0.  0.  1. ...,  0.  1.  0.]
 [ 0.  0.  0. ...,  0.  0.  0.]
 [ 0.  0.  0. ...,  0.  0.  0.]
 ..., 
 [ 0.  0.  0. ...,  0.  0.  0.]
 [ 0.  0.  0. ...,  0.  0.  0.]
 [ 0.  0.  0. ...,  0.  0.  0.]]
diff= 
 [[ 0.  0.  0. ..., -1.  0. -1.]
 [ 0.  0. -1. ..., -1.  0.  0.]
 [ 0.  0.  0. ..., -1. -1. -1.]
 ..., 
 [ 0.  0.  0. ...,  0.  0.  0.]
 [-1.  0.  0. ...,  0.  0. -1.]
 [ 0.  0.  0. ...,  0.  0.  0.]]
number of diff= 1704
for threshold= 5 
 [[ 0.  0.  1. ...,  1.  1.  0.]
 [ 0.  0.  0. ...,  0.  0.  0.]
 [ 0.  0.  0. ...,  0.  1.  0.]
 ..., 
 [ 0.  0.  0. ...,  0.  0.  0.]
 [ 1.  0.  0. ...,  0.  0.  0.]
 [ 0.  0.  0. ...,  0.  0.  0.]]
diff= 
 [[ 0.  0.  0. ...,  0.  0. -1.]
 [ 0.  0. -1. ..., -1.  0.  0.]
 [ 0.  0.  0. ..., -1.  0. -1.]
 ..., 
 [ 0.  0.  0. ...,  0.  0.  0.]
 [ 0.  0.  0. ...,  0.  0. -1.]
 [ 0.  0.  0. ...,  0.  0.  0.]]
number of diff= 1513
for threshold= 6 
 [[ 0.  0.  1. ...,  1.  1.  1.]
 [ 0.  0.  0. ...,  0.  0.  0.]
 [ 0.  0.  0. ...,  0.  1.  0.]
 ..., 
 [ 0.  0.  0. ...,  0.  0.  0.]
 [ 1.  0.  0. ...,  0.  0.  0.]
 [ 0.  0.  0. ...,  0.  0.  0.]]
diff= 
 [[ 0.  0.  0. ...,  0.  0.  0.]
 [ 0.  0. -1. ..., -1.  0.  0.]
 [ 0.  0.  0. ..., -1.  0. -1.]
 ..., 
 [ 0.  0.  0. ...,  0.  0.  0.]
 [ 0.  0.  0. ...,  0.  0. -1.]
 [ 0.  0.  0. ...,  0.  0.  0.]]
number of diff= 1366
for threshold= 7 
 [[ 0.  0.  1. ...,  1.  1.  1.]
 [ 0.  0.  1. ...,  0.  0.  0.]
 [ 0.  0.  0. ...,  0.  1.  0.]
 ..., 
 [ 0.  0.  0. ...,  0.  0.  0.]
 [ 1.  0.  0. ...,  0.  0.  0.]
 [ 0.  0.  0. ...,  0.  0.  0.]]
diff= 
 [[ 0.  0.  0. ...,  0.  0.  0.]
 [ 0.  0.  0. ..., -1.  0.  0.]
 [ 0.  0.  0. ..., -1.  0. -1.]
 ..., 
 [ 0.  0.  0. ...,  0.  0.  0.]
 [ 0.  0.  0. ...,  0.  0. -1.]
 [ 0.  0.  0. ...,  0.  0.  0.]]
number of diff= 1252
for threshold= 8 
 [[ 0.  0.  1. ...,  1.  1.  1.]
 [ 0.  0.  1. ...,  1.  0.  0.]
 [ 0.  0.  0. ...,  1.  1.  0.]
 ..., 
 [ 0.  0.  0. ...,  0.  0.  0.]
 [ 1.  0.  0. ...,  0.  0.  0.]
 [ 0.  0.  0. ...,  0.  0.  0.]]
diff= 
 [[ 0.  0.  0. ...,  0.  0.  0.]
 [ 0.  0.  0. ...,  0.  0.  0.]
 [ 0.  0.  0. ...,  0.  0. -1.]
 ..., 
 [ 0.  0.  0. ...,  0.  0.  0.]
 [ 0.  0.  0. ...,  0.  0. -1.]
 [ 0.  0.  0. ...,  0.  0.  0.]]
number of diff= 1092
for threshold= 9 
 [[ 0.  0.  1. ...,  1.  1.  1.]
 [ 0.  0.  1. ...,  1.  0.  0.]
 [ 0.  0.  0. ...,  1.  1.  0.]
 ..., 
 [ 0.  0.  0. ...,  0.  0.  0.]
 [ 1.  0.  0. ...,  0.  0.  0.]
 [ 0.  0.  0. ...,  0.  0.  0.]]
diff= 
 [[ 0.  0.  0. ...,  0.  0.  0.]
 [ 0.  0.  0. ...,  0.  0.  0.]
 [ 0.  0.  0. ...,  0.  0. -1.]
 ..., 
 [ 0.  0.  0. ...,  0.  0.  0.]
 [ 0.  0.  0. ...,  0.  0. -1.]
 [ 0.  0.  0. ...,  0.  0.  0.]]
number of diff= 1003
for threshold= 10 
 [[ 0.  0.  1. ...,  1.  1.  1.]
 [ 0.  0.  1. ...,  1.  0.  0.]
 [ 0.  0.  0. ...,  1.  1.  0.]
 ..., 
 [ 0.  0.  0. ...,  0.  0.  0.]
 [ 1.  0.  0. ...,  0.  0.  0.]
 [ 0.  0.  0. ...,  0.  0.  0.]]
diff= 
 [[ 0.  0.  0. ...,  0.  0.  0.]
 [ 0.  0.  0. ...,  0.  0.  0.]
 [ 0.  0.  0. ...,  0.  0. -1.]
 ..., 
 [ 0.  0.  0. ...,  0.  0.  0.]
 [ 0.  0.  0. ...,  0.  0. -1.]
 [ 0.  0.  0. ...,  0.  0.  0.]]
number of diff= 870
for threshold= 11 
 [[ 0.  0.  1. ...,  1.  1.  1.]
 [ 0.  0.  1. ...,  1.  0.  0.]
 [ 0.  0.  0. ...,  1.  1.  0.]
 ..., 
 [ 0.  0.  0. ...,  0.  0.  0.]
 [ 1.  0.  0. ...,  0.  0.  0.]
 [ 0.  0.  0. ...,  0.  0.  0.]]
diff= 
 [[ 0.  0.  0. ...,  0.  0.  0.]
 [ 0.  0.  0. ...,  0.  0.  0.]
 [ 0.  0.  0. ...,  0.  0. -1.]
 ..., 
 [ 0.  0.  0. ...,  0.  0.  0.]
 [ 0.  0.  0. ...,  0.  0. -1.]
 [ 0.  0.  0. ...,  0.  0.  0.]]
number of diff= 816
for threshold= 12 
 [[ 0.  0.  1. ...,  1.  1.  1.]
 [ 0.  0.  1. ...,  1.  0.  0.]
 [ 0.  0.  0. ...,  1.  1.  0.]
 ..., 
 [ 0.  0.  0. ...,  0.  0.  0.]
 [ 1.  0.  0. ...,  0.  0.  0.]
 [ 0.  0.  0. ...,  0.  0.  0.]]
diff= 
 [[ 0.  0.  0. ...,  0.  0.  0.]
 [ 0.  0.  0. ...,  0.  0.  0.]
 [ 0.  0.  0. ...,  0.  0. -1.]
 ..., 
 [ 0.  0.  0. ...,  0.  0.  0.]
 [ 0.  0.  0. ...,  0.  0. -1.]
 [ 0.  0.  0. ...,  0.  0.  0.]]
number of diff= 779
for threshold= 13 
 [[ 0.  0.  1. ...,  1.  1.  1.]
 [ 0.  0.  1. ...,  1.  0.  0.]
 [ 0.  0.  0. ...,  1.  1.  0.]
 ..., 
 [ 0.  0.  0. ...,  0.  0.  0.]
 [ 1.  0.  0. ...,  0.  0.  0.]
 [ 0.  0.  0. ...,  0.  0.  0.]]
diff= 
 [[ 0.  0.  0. ...,  0.  0.  0.]
 [ 0.  0.  0. ...,  0.  0.  0.]
 [ 0.  0.  0. ...,  0.  0. -1.]
 ..., 
 [ 0.  0.  0. ...,  0.  0.  0.]
 [ 0.  0.  0. ...,  0.  0. -1.]
 [ 0.  0.  0. ...,  0.  0.  0.]]
number of diff= 779
for threshold= 14 
 [[ 0.  0.  1. ...,  1.  1.  1.]
 [ 0.  0.  1. ...,  1.  0.  0.]
 [ 0.  0.  0. ...,  1.  1.  0.]
 ..., 
 [ 0.  0.  0. ...,  0.  0.  0.]
 [ 1.  0.  0. ...,  0.  0.  0.]
 [ 0.  0.  0. ...,  0.  0.  0.]]
diff= 
 [[ 0.  0.  0. ...,  0.  0.  0.]
 [ 0.  0.  0. ...,  0.  0.  0.]
 [ 0.  0.  0. ...,  0.  0. -1.]
 ..., 
 [ 0.  0.  0. ...,  0.  0.  0.]
 [ 0.  0.  0. ...,  0.  0. -1.]
 [ 0.  0.  0. ...,  0.  0.  0.]]
number of diff= 685
for threshold= 15 
 [[ 0.  0.  1. ...,  1.  1.  1.]
 [ 0.  0.  1. ...,  1.  0.  0.]
 [ 0.  0.  0. ...,  1.  1.  0.]
 ..., 
 [ 0.  0.  0. ...,  0.  0.  0.]
 [ 1.  0.  0. ...,  0.  0.  0.]
 [ 0.  0.  0. ...,  0.  0.  0.]]
diff= 
 [[ 0.  0.  0. ...,  0.  0.  0.]
 [ 0.  0.  0. ...,  0.  0.  0.]
 [ 0.  0.  0. ...,  0.  0. -1.]
 ..., 
 [ 0.  0.  0. ...,  0.  0.  0.]
 [ 0.  0.  0. ...,  0.  0. -1.]
 [ 0.  0.  0. ...,  0.  0.  0.]]
number of diff= 526
for threshold= 16 
 [[ 0.  0.  1. ...,  1.  1.  1.]
 [ 0.  0.  1. ...,  1.  0.  0.]
 [ 0.  0.  0. ...,  1.  1.  1.]
 ..., 
 [ 0.  0.  0. ...,  0.  0.  0.]
 [ 1.  0.  0. ...,  0.  0.  0.]
 [ 0.  0.  0. ...,  0.  0.  0.]]
diff= 
 [[ 0.  0.  0. ...,  0.  0.  0.]
 [ 0.  0.  0. ...,  0.  0.  0.]
 [ 0.  0.  0. ...,  0.  0.  0.]
 ..., 
 [ 0.  0.  0. ...,  0.  0.  0.]
 [ 0.  0.  0. ...,  0.  0. -1.]
 [ 0.  0.  0. ...,  0.  0.  0.]]
number of diff= 418
for threshold= 17 
 [[ 0.  0.  1. ...,  1.  1.  1.]
 [ 0.  0.  1. ...,  1.  0.  0.]
 [ 0.  0.  0. ...,  1.  1.  1.]
 ..., 
 [ 0.  0.  0. ...,  0.  0.  0.]
 [ 1.  0.  0. ...,  0.  0.  0.]
 [ 0.  0.  0. ...,  0.  0.  0.]]
diff= 
 [[ 0.  0.  0. ...,  0.  0.  0.]
 [ 0.  0.  0. ...,  0.  0.  0.]
 [ 0.  0.  0. ...,  0.  0.  0.]
 ..., 
 [ 0.  0.  0. ...,  0.  0.  0.]
 [ 0.  0.  0. ...,  0.  0. -1.]
 [ 0.  0.  0. ...,  0.  0.  0.]]
number of diff= 346
for threshold= 18 
 [[ 0.  0.  1. ...,  1.  1.  1.]
 [ 0.  0.  1. ...,  1.  0.  0.]
 [ 0.  0.  0. ...,  1.  1.  1.]
 ..., 
 [ 0.  0.  0. ...,  0.  0.  0.]
 [ 1.  0.  0. ...,  0.  0.  0.]
 [ 0.  0.  0. ...,  0.  0.  0.]]
diff= 
 [[ 0.  0.  0. ...,  0.  0.  0.]
 [ 0.  0.  0. ...,  0.  0.  0.]
 [ 0.  0.  0. ...,  0.  0.  0.]
 ..., 
 [ 0.  0.  0. ...,  0.  0.  0.]
 [ 0.  0.  0. ...,  0.  0. -1.]
 [ 0.  0.  0. ...,  0.  0.  0.]]
number of diff= 311
for threshold= 19 
 [[ 0.  0.  1. ...,  1.  1.  1.]
 [ 0.  0.  1. ...,  1.  0.  0.]
 [ 0.  0.  0. ...,  1.  1.  1.]
 ..., 
 [ 0.  0.  0. ...,  0.  0.  0.]
 [ 1.  0.  0. ...,  0.  0.  1.]
 [ 0.  0.  0. ...,  0.  0.  0.]]
diff= 
 [[ 0.  0.  0. ...,  0.  0.  0.]
 [ 0.  0.  0. ...,  0.  0.  0.]
 [ 0.  0.  0. ...,  0.  0.  0.]
 ..., 
 [ 0.  0.  0. ...,  0.  0.  0.]
 [ 0.  0.  0. ...,  0.  0.  0.]
 [ 0.  0.  0. ...,  0.  0.  0.]]
number of diff= 271
for threshold= 20 
 [[ 0.  0.  1. ...,  1.  1.  1.]
 [ 0.  0.  1. ...,  1.  0.  0.]
 [ 0.  0.  0. ...,  1.  1.  1.]
 ..., 
 [ 0.  0.  0. ...,  0.  0.  0.]
 [ 1.  0.  0. ...,  0.  0.  1.]
 [ 0.  0.  0. ...,  0.  0.  0.]]
diff= 
 [[ 0.  0.  0. ...,  0.  0.  0.]
 [ 0.  0.  0. ...,  0.  0.  0.]
 [ 0.  0.  0. ...,  0.  0.  0.]
 ..., 
 [ 0.  0.  0. ...,  0.  0.  0.]
 [ 0.  0.  0. ...,  0.  0.  0.]
 [ 0.  0.  0. ...,  0.  0.  0.]]
number of diff= 271
for threshold= 21 
 [[ 0.  0.  1. ...,  1.  1.  1.]
 [ 0.  0.  1. ...,  1.  0.  0.]
 [ 0.  0.  0. ...,  1.  1.  1.]
 ..., 
 [ 0.  0.  0. ...,  0.  0.  0.]
 [ 1.  0.  0. ...,  0.  0.  1.]
 [ 0.  0.  0. ...,  0.  0.  0.]]
diff= 
 [[ 0.  0.  0. ...,  0.  0.  0.]
 [ 0.  0.  0. ...,  0.  0.  0.]
 [ 0.  0.  0. ...,  0.  0.  0.]
 ..., 
 [ 0.  0.  0. ...,  0.  0.  0.]
 [ 0.  0.  0. ...,  0.  0.  0.]
 [ 0.  0.  0. ...,  0.  0.  0.]]
number of diff= 271
for threshold= 22 
 [[ 0.  0.  1. ...,  1.  1.  1.]
 [ 0.  0.  1. ...,  1.  0.  0.]
 [ 0.  0.  0. ...,  1.  1.  1.]
 ..., 
 [ 0.  0.  0. ...,  0.  0.  0.]
 [ 1.  0.  0. ...,  0.  0.  1.]
 [ 0.  0.  0. ...,  0.  0.  0.]]
diff= 
 [[ 0.  0.  0. ...,  0.  0.  0.]
 [ 0.  0.  0. ...,  0.  0.  0.]
 [ 0.  0.  0. ...,  0.  0.  0.]
 ..., 
 [ 0.  0.  0. ...,  0.  0.  0.]
 [ 0.  0.  0. ...,  0.  0.  0.]
 [ 0.  0.  0. ...,  0.  0.  0.]]
number of diff= 271
for threshold= 23 
 [[ 0.  0.  1. ...,  1.  1.  1.]
 [ 0.  0.  1. ...,  1.  0.  0.]
 [ 0.  0.  0. ...,  1.  1.  1.]
 ..., 
 [ 0.  0.  0. ...,  0.  0.  0.]
 [ 1.  0.  0. ...,  0.  0.  1.]
 [ 0.  0.  0. ...,  0.  0.  0.]]
diff= 
 [[ 0.  0.  0. ...,  0.  0.  0.]
 [ 0.  0.  0. ...,  0.  0.  0.]
 [ 0.  0.  0. ...,  0.  0.  0.]
 ..., 
 [ 0.  0.  0. ...,  0.  0.  0.]
 [ 0.  0.  0. ...,  0.  0.  0.]
 [ 0.  0.  0. ...,  0.  0.  0.]]
number of diff= 271
for threshold= 24 
 [[ 0.  0.  1. ...,  1.  1.  1.]
 [ 0.  0.  1. ...,  1.  0.  0.]
 [ 0.  0.  0. ...,  1.  1.  1.]
 ..., 
 [ 0.  0.  0. ...,  0.  0.  0.]
 [ 1.  0.  0. ...,  0.  0.  1.]
 [ 0.  0.  0. ...,  0.  0.  0.]]
diff= 
 [[ 0.  0.  0. ...,  0.  0.  0.]
 [ 0.  0.  0. ...,  0.  0.  0.]
 [ 0.  0.  0. ...,  0.  0.  0.]
 ..., 
 [ 0.  0.  0. ...,  0.  0.  0.]
 [ 0.  0.  0. ...,  0.  0.  0.]
 [ 0.  0.  0. ...,  0.  0.  0.]]
number of diff= 271
for threshold= 25 
 [[ 0.  0.  1. ...,  1.  1.  1.]
 [ 0.  0.  1. ...,  1.  0.  0.]
 [ 0.  0.  0. ...,  1.  1.  1.]
 ..., 
 [ 0.  0.  0. ...,  0.  0.  0.]
 [ 1.  0.  0. ...,  0.  0.  1.]
 [ 0.  0.  0. ...,  0.  0.  0.]]
diff= 
 [[ 0.  0.  0. ...,  0.  0.  0.]
 [ 0.  0.  0. ...,  0.  0.  0.]
 [ 0.  0.  0. ...,  0.  0.  0.]
 ..., 
 [ 0.  0.  0. ...,  0.  0.  0.]
 [ 0.  0.  0. ...,  0.  0.  0.]
 [ 0.  0.  0. ...,  0.  0.  0.]]
number of diff= 271
for threshold= 26 
 [[ 0.  0.  1. ...,  1.  1.  1.]
 [ 0.  0.  1. ...,  1.  0.  0.]
 [ 0.  0.  0. ...,  1.  1.  1.]
 ..., 
 [ 0.  0.  0. ...,  0.  0.  0.]
 [ 1.  0.  0. ...,  0.  0.  1.]
 [ 0.  0.  0. ...,  0.  0.  0.]]
diff= 
 [[ 0.  0.  0. ...,  0.  0.  0.]
 [ 0.  0.  0. ...,  0.  0.  0.]
 [ 0.  0.  0. ...,  0.  0.  0.]
 ..., 
 [ 0.  0.  0. ...,  0.  0.  0.]
 [ 0.  0.  0. ...,  0.  0.  0.]
 [ 0.  0.  0. ...,  0.  0.  0.]]
number of diff= 177
for threshold= 27 
 [[ 0.  0.  1. ...,  1.  1.  1.]
 [ 0.  0.  1. ...,  1.  0.  0.]
 [ 0.  0.  0. ...,  1.  1.  1.]
 ..., 
 [ 0.  0.  0. ...,  0.  0.  0.]
 [ 1.  0.  0. ...,  0.  0.  1.]
 [ 0.  0.  0. ...,  0.  0.  0.]]
diff= 
 [[ 0.  0.  0. ...,  0.  0.  0.]
 [ 0.  0.  0. ...,  0.  0.  0.]
 [ 0.  0.  0. ...,  0.  0.  0.]
 ..., 
 [ 0.  0.  0. ...,  0.  0.  0.]
 [ 0.  0.  0. ...,  0.  0.  0.]
 [ 0.  0.  0. ...,  0.  0.  0.]]
number of diff= 177
for threshold= 28 
 [[ 0.  0.  1. ...,  1.  1.  1.]
 [ 0.  0.  1. ...,  1.  0.  0.]
 [ 0.  0.  0. ...,  1.  1.  1.]
 ..., 
 [ 0.  0.  0. ...,  0.  0.  0.]
 [ 1.  0.  0. ...,  0.  0.  1.]
 [ 0.  0.  0. ...,  0.  0.  0.]]
diff= 
 [[ 0.  0.  0. ...,  0.  0.  0.]
 [ 0.  0.  0. ...,  0.  0.  0.]
 [ 0.  0.  0. ...,  0.  0.  0.]
 ..., 
 [ 0.  0.  0. ...,  0.  0.  0.]
 [ 0.  0.  0. ...,  0.  0.  0.]
 [ 0.  0.  0. ...,  0.  0.  0.]]
number of diff= 0
